[0.405s] Invoking command in '/home/Parker/Programming/Robotics/doodlebob_pixi_env_test/src/doodlebob': CONDA_ENV_SHLVL_2_PIXI_PROMPT=(doodlebob_pixi_env_test) DEBUGINFOD_URLS=https://debuginfod.archlinux.org PIXI_PROMPT=(doodlebob_pixi_env_test) PYTHONPATH=/home/Parker/Programming/Robotics/doodlebob_pixi_env_test/src/doodlebob/build/doodlebob/prefix_override:/home/Parker/Programming/Robotics/doodlebob_pixi_env_test/.pixi/envs/default/lib/python3.12/site-packages/colcon_core/task/python/colcon_distutils_commands:/home/Parker/Programming/Robotics/doodlebob_pixi_env_test/src/doodlebob/install/doodlebob/lib/python3.12/site-packages:${PYTHONPATH} _=/usr/bin/env /home/Parker/Programming/Robotics/doodlebob_pixi_env_test/.pixi/envs/default/bin/python3.12 -W ignore:setup.py install is deprecated -W ignore:easy_install command is deprecated setup.py egg_info --egg-base build/doodlebob build --build-base /home/Parker/Programming/Robotics/doodlebob_pixi_env_test/src/doodlebob/build/doodlebob/build install --record /home/Parker/Programming/Robotics/doodlebob_pixi_env_test/src/doodlebob/build/doodlebob/install.log --single-version-externally-managed install_data
[0.570s] running egg_info
[0.580s] creating build/doodlebob/doodlebob.egg-info
[0.580s] writing build/doodlebob/doodlebob.egg-info/PKG-INFO
[0.580s] writing dependency_links to build/doodlebob/doodlebob.egg-info/dependency_links.txt
[0.580s] writing entry points to build/doodlebob/doodlebob.egg-info/entry_points.txt
[0.581s] writing requirements to build/doodlebob/doodlebob.egg-info/requires.txt
[0.581s] writing top-level names to build/doodlebob/doodlebob.egg-info/top_level.txt
[0.581s] writing manifest file 'build/doodlebob/doodlebob.egg-info/SOURCES.txt'
[0.602s] reading manifest file 'build/doodlebob/doodlebob.egg-info/SOURCES.txt'
[0.603s] writing manifest file 'build/doodlebob/doodlebob.egg-info/SOURCES.txt'
[0.603s] running build
[0.603s] running build_py
[0.603s] creating /home/Parker/Programming/Robotics/doodlebob_pixi_env_test/src/doodlebob/build/doodlebob/build/lib/doodlebob
[0.604s] copying doodlebob/__init__.py -> /home/Parker/Programming/Robotics/doodlebob_pixi_env_test/src/doodlebob/build/doodlebob/build/lib/doodlebob
[0.604s] copying doodlebob/doodle_test_node.py -> /home/Parker/Programming/Robotics/doodlebob_pixi_env_test/src/doodlebob/build/doodlebob/build/lib/doodlebob
[0.604s] running install
[0.607s] running install_lib
[0.617s] creating /home/Parker/Programming/Robotics/doodlebob_pixi_env_test/src/doodlebob/install/doodlebob/lib/python3.12/site-packages/doodlebob
[0.617s] copying /home/Parker/Programming/Robotics/doodlebob_pixi_env_test/src/doodlebob/build/doodlebob/build/lib/doodlebob/__init__.py -> /home/Parker/Programming/Robotics/doodlebob_pixi_env_test/src/doodlebob/install/doodlebob/lib/python3.12/site-packages/doodlebob
[0.617s] copying /home/Parker/Programming/Robotics/doodlebob_pixi_env_test/src/doodlebob/build/doodlebob/build/lib/doodlebob/doodle_test_node.py -> /home/Parker/Programming/Robotics/doodlebob_pixi_env_test/src/doodlebob/install/doodlebob/lib/python3.12/site-packages/doodlebob
[0.618s] byte-compiling /home/Parker/Programming/Robotics/doodlebob_pixi_env_test/src/doodlebob/install/doodlebob/lib/python3.12/site-packages/doodlebob/__init__.py to __init__.cpython-312.pyc
[0.618s] byte-compiling /home/Parker/Programming/Robotics/doodlebob_pixi_env_test/src/doodlebob/install/doodlebob/lib/python3.12/site-packages/doodlebob/doodle_test_node.py to doodle_test_node.cpython-312.pyc
[0.619s] running install_data
[0.619s] creating /home/Parker/Programming/Robotics/doodlebob_pixi_env_test/src/doodlebob/install/doodlebob/share/ament_index/resource_index/packages
[0.619s] copying resource/doodlebob -> /home/Parker/Programming/Robotics/doodlebob_pixi_env_test/src/doodlebob/install/doodlebob/share/ament_index/resource_index/packages
[0.619s] copying package.xml -> /home/Parker/Programming/Robotics/doodlebob_pixi_env_test/src/doodlebob/install/doodlebob/share/doodlebob
[0.619s] running install_egg_info
[0.629s] Copying build/doodlebob/doodlebob.egg-info to /home/Parker/Programming/Robotics/doodlebob_pixi_env_test/src/doodlebob/install/doodlebob/lib/python3.12/site-packages/doodlebob-0.0.0-py3.12.egg-info
[0.630s] running install_scripts
[0.652s] Installing doodle_test_node script to /home/Parker/Programming/Robotics/doodlebob_pixi_env_test/src/doodlebob/install/doodlebob/lib/doodlebob
[0.652s] writing list of installed files to '/home/Parker/Programming/Robotics/doodlebob_pixi_env_test/src/doodlebob/build/doodlebob/install.log'
[0.674s] Invoked command in '/home/Parker/Programming/Robotics/doodlebob_pixi_env_test/src/doodlebob' returned '0': CONDA_ENV_SHLVL_2_PIXI_PROMPT=(doodlebob_pixi_env_test) DEBUGINFOD_URLS=https://debuginfod.archlinux.org PIXI_PROMPT=(doodlebob_pixi_env_test) PYTHONPATH=/home/Parker/Programming/Robotics/doodlebob_pixi_env_test/src/doodlebob/build/doodlebob/prefix_override:/home/Parker/Programming/Robotics/doodlebob_pixi_env_test/.pixi/envs/default/lib/python3.12/site-packages/colcon_core/task/python/colcon_distutils_commands:/home/Parker/Programming/Robotics/doodlebob_pixi_env_test/src/doodlebob/install/doodlebob/lib/python3.12/site-packages:${PYTHONPATH} _=/usr/bin/env /home/Parker/Programming/Robotics/doodlebob_pixi_env_test/.pixi/envs/default/bin/python3.12 -W ignore:setup.py install is deprecated -W ignore:easy_install command is deprecated setup.py egg_info --egg-base build/doodlebob build --build-base /home/Parker/Programming/Robotics/doodlebob_pixi_env_test/src/doodlebob/build/doodlebob/build install --record /home/Parker/Programming/Robotics/doodlebob_pixi_env_test/src/doodlebob/build/doodlebob/install.log --single-version-externally-managed install_data
