[0.000000] (-) TimerEvent: {}
[0.000236] (doodlebob) JobQueued: {'identifier': 'doodlebob', 'dependencies': OrderedDict()}
[0.000412] (doodlebob) JobStarted: {'identifier': 'doodlebob'}
[0.099873] (-) TimerEvent: {}
[0.200061] (-) TimerEvent: {}
[0.300243] (-) TimerEvent: {}
[0.400425] (-) TimerEvent: {}
[0.404495] (doodlebob) Command: {'cmd': ['/home/Parker/Programming/Robotics/doodlebob_pixi_env_test/.pixi/envs/default/bin/python3.12', '-W', 'ignore:setup.py install is deprecated', '-W', 'ignore:easy_install command is deprecated', 'setup.py', 'egg_info', '--egg-base', 'build/doodlebob', 'build', '--build-base', '/home/Parker/Programming/Robotics/doodlebob_pixi_env_test/src/doodlebob/build/doodlebob/build', 'install', '--record', '/home/Parker/Programming/Robotics/doodlebob_pixi_env_test/src/doodlebob/build/doodlebob/install.log', '--single-version-externally-managed', 'install_data'], 'cwd': '/home/Parker/Programming/Robotics/doodlebob_pixi_env_test/src/doodlebob', 'env': {'SHELL': '/bin/zsh', 'ROS_VERSION': '2', 'SESSION_MANAGER': 'local/Zenith:@/tmp/.ICE-unix/1037,unix/Zenith:/tmp/.ICE-unix/1037', 'COLORTERM': 'truecolor', 'XDG_CONFIG_DIRS': '/home/Parker/.config/kdedefaults:/etc/xdg', 'KGLOBALACCELD_PLATFORM': 'org.kde.kwin', 'XDG_SESSION_PATH': '/org/freedesktop/DisplayManager/Session1', 'XDG_MENU_PREFIX': 'plasma-', 'GTK_IM_MODULE': 'fcitx', 'CONDA_ENV_SHLVL_2_PIXI_PROMPT': '(doodlebob_pixi_env_test)', 'ROS_PYTHON_VERSION': '3', 'ICEAUTHORITY': '/run/user/1000/iceauth_uacFBO', 'CONDA_ENV_SHLVL_2_PIXI_PROJECT_VERSION': '0.1.0', 'CONDA_ENV_SHLVL_2_PIXI_ENVIRONMENT_NAME': 'default', 'PIXI_PROMPT': '(doodlebob_pixi_env_test)', 'ROS_OS_OVERRIDE': 'conda:linux', 'MEMORY_PRESSURE_WRITE': 'c29tZSAyMDAwMDAgMjAwMDAwMAA=', 'XMODIFIERS': '@im=fcitx', 'DESKTOP_SESSION': 'plasma', 'KITTY_PID': '3544', 'GTK_RC_FILES': '/etc/gtk/gtkrc:/home/Parker/.gtkrc:/home/Parker/.config/gtkrc', 'XML_CATALOG_FILES': 'file:///home/Parker/Programming/Robotics/doodlebob_pixi_env_test/.pixi/envs/default/etc/xml/catalog file:///etc/xml/catalog file:///home/Parker/Programming/Robotics/doodlebob_pixi_env_test/.pixi/envs/default/etc/xml/catalog file:///etc/xml/catalog', 'XDG_SEAT': 'seat0', 'PWD': '/home/Parker/Programming/Robotics/doodlebob_pixi_env_test/src/doodlebob/build/doodlebob', 'GSETTINGS_SCHEMA_DIR': '/home/Parker/Programming/Robotics/doodlebob_pixi_env_test/.pixi/envs/default/share/glib-2.0/schemas', 'XDG_SESSION_DESKTOP': 'KDE', 'LOGNAME': 'Parker', '_CONDA_SET_PROJ_DATA': '/home/Parker/Programming/Robotics/doodlebob_pixi_env_test/.pixi/envs/default/share/proj', 'XDG_SESSION_TYPE': 'wayland', 'CONDA_PREFIX': '/home/Parker/Programming/Robotics/doodlebob_pixi_env_test/.pixi/envs/default', 'SYSTEMD_EXEC_PID': '873', 'GSETTINGS_SCHEMA_DIR_CONDA_BACKUP': '/home/Parker/Programming/Robotics/doodlebob_pixi_env_test/.pixi/envs/default/share/glib-2.0/schemas', 'PIXI_PROJECT_MANIFEST': '/home/Parker/Programming/Robotics/doodlebob_pixi_env_test/pixi.toml', 'PIXI_PROJECT_NAME': 'doodlebob_pixi_env_test', 'XAUTHORITY': '/run/user/1000/xauth_gersqx', 'KITTY_PUBLIC_KEY': '1:+Z<hW9$4=}Q!xjK35VYld-ilCmQQ=z#GuVXbw;)#', 'CONDA_ENV_SHLVL_2_CONDA_DEFAULT_ENV': 'doodlebob_pixi_env_test', 'CONDA_ENV_SHLVL_2_PIXI_EXE': '/usr/bin/pixi', 'MOTD_SHOWN': 'pam', 'XKB_DEFAULT_MODEL': 'pc105+inet', 'CONDA_ENV_SHLVL_2_PIXI_PROJECT_ROOT': '/home/Parker/Programming/Robotics/doodlebob_pixi_env_test', 'GTK2_RC_FILES': '/etc/gtk-2.0/gtkrc:/home/Parker/.gtkrc-2.0:/home/Parker/.config/gtkrc-2.0', 'HOME': '/home/Parker', 'LANG': 'en_US.UTF-8', 'ROS_ETC_DIR': '/home/Parker/Programming/Robotics/doodlebob_pixi_env_test/.pixi/envs/default/etc/ros', '_JAVA_AWT_WM_NONREPARENTING': '1', 'XDG_CURRENT_DESKTOP': 'KDE', 'CONDA_ENV_SHLVL_2_PIXI_ENVIRONMENT_PLATFORMS': 'linux-64', 'MEMORY_PRESSURE_WATCH': '/sys/fs/cgroup/user.slice/user-1000.slice/user@1000.service/session.slice/plasma-kwin_wayland.service/memory.pressure', 'WAYLAND_DISPLAY': 'wayland-0', 'KITTY_WINDOW_ID': '7', 'PIXI_ENVIRONMENT_NAME': 'default', 'CONDA_ENV_SHLVL_2_CONDA_PREFIX': '/home/Parker/Programming/Robotics/doodlebob_pixi_env_test/.pixi/envs/default', 'AMENT_PREFIX_PATH': '/home/Parker/Programming/Robotics/doodlebob_pixi_env_test/install/doodlebob:/home/Parker/Programming/Robotics/doodlebob_pixi_env_test/.pixi/envs/default', 'XDG_SEAT_PATH': '/org/freedesktop/DisplayManager/Seat0', 'ROS_AUTOMATIC_DISCOVERY_RANGE': 'SUBNET', 'CONDA_ENV_SHLVL_2_PIXI_IN_SHELL': '1', 'CONDA_ENV_SHLVL_2_PIXI_PROJECT_MANIFEST': '/home/Parker/Programming/Robotics/doodlebob_pixi_env_test/pixi.toml', 'COLCON_PREFIX_PATH': '/home/Parker/Programming/Robotics/doodlebob_pixi_env_test/install', 'INVOCATION_ID': 'bc397bc21f50420f96230aa36a6f2274', 'MANAGERPID': '807', 'PIXI_IN_SHELL': '1', 'INIT_CWD': '/home/Parker/Programming/Robotics/doodlebob_pixi_env_test/src/doodlebob', 'KDE_SESSION_UID': '1000', 'XKB_DEFAULT_LAYOUT': 'us', 'GEM_HOME': '/home/Parker/Programming/Robotics/doodlebob_pixi_env_test/.pixi/envs/default/share/rubygems/', 'XDG_SESSION_CLASS': 'user', 'PIXI_EXE': '/usr/bin/pixi', 'PYTHONPATH': '/home/Parker/Programming/Robotics/doodlebob_pixi_env_test/src/doodlebob/build/doodlebob/prefix_override:/home/Parker/Programming/Robotics/doodlebob_pixi_env_test/.pixi/envs/default/lib/python3.12/site-packages/colcon_core/task/python/colcon_distutils_commands:/home/Parker/Programming/Robotics/doodlebob_pixi_env_test/src/doodlebob/install/doodlebob/lib/python3.12/site-packages:/home/Parker/Programming/Robotics/doodlebob_pixi_env_test/install/doodlebob/lib/python3.12/site-packages:/home/Parker/Programming/Robotics/doodlebob_pixi_env_test/.pixi/envs/default/lib/python/site-packages:/home/Parker/Programming/Robotics/doodlebob_pixi_env_test/.pixi/envs/default/lib/python3.12/site-packages', 'COLCON': '1', 'TERMINFO': '/usr/lib/kitty/terminfo', 'TERM': 'xterm-kitty', 'USER': 'Parker', 'CONDA_SHLVL': '2', 'QT_WAYLAND_RECONNECT': '1', 'KDE_SESSION_VERSION': '6', 'CONDA_ENV_SHLVL_2_PIXI_PROJECT_NAME': 'doodlebob_pixi_env_test', 'DISPLAY': ':1', 'SHLVL': '2', 'QT_IM_MODULE': 'fcitx', 'PIXI_PROJECT_VERSION': '0.1.0', 'XDG_VTNR': '1', 'XDG_SESSION_ID': '2', 'PROJ_DATA': '/home/Parker/Programming/Robotics/doodlebob_pixi_env_test/.pixi/envs/default/share/proj', 'MANAGERPIDFDID': '36887', 'PIXI_PROJECT_ROOT': '/home/Parker/Programming/Robotics/doodlebob_pixi_env_test', 'LD_LIBRARY_PATH': '/home/Parker/Programming/Robotics/doodlebob_pixi_env_test/.pixi/envs/default/opt/rviz_ogre_vendor/lib:/home/Parker/Programming/Robotics/doodlebob_pixi_env_test/.pixi/envs/default/lib', 'XDG_RUNTIME_DIR': '/run/user/1000', 'CONDA_DEFAULT_ENV': 'doodlebob_pixi_env_test', 'PIXI_ENVIRONMENT_PLATFORMS': 'linux-64', 'DEBUGINFOD_URLS': 'https://debuginfod.archlinux.org', 'JOURNAL_STREAM': '10:17741', 'XDG_DATA_DIRS': '/home/Parker/.local/share/flatpak/exports/share:/var/lib/flatpak/exports/share:/usr/local/share:/usr/share', 'KDE_FULL_SESSION': 'true', 'PATH': '/home/Parker/Programming/Robotics/doodlebob_pixi_env_test/.pixi/envs/default/share/rubygems/bin:/home/Parker/Programming/Robotics/doodlebob_pixi_env_test/.pixi/envs/default/bin:/home/Parker/Programming/Robotics/doodlebob_pixi_env_test/.pixi/envs/default/share/rubygems/bin:/home/Parker/Programming/Robotics/doodlebob_pixi_env_test/.pixi/envs/default/bin:/usr/local/sbin:/usr/local/bin:/usr/bin:/var/lib/flatpak/exports/bin:/usr/lib/jvm/default/bin:/usr/bin/site_perl:/usr/bin/vendor_perl:/usr/bin/core_perl', 'DBUS_SESSION_BUS_ADDRESS': 'unix:path=/run/user/1000/bus', 'KDE_APPLICATIONS_AS_SCOPE': '1', 'MAIL': '/var/spool/mail/Parker', 'ROS_DISTRO': 'jazzy', 'XKB_DEFAULT_OPTIONS': 'terminate:ctrl_alt_bksp', 'KITTY_INSTALLATION_DIR': '/usr/lib/kitty', 'PROJ_NETWORK': 'ON', 'OLDPWD': '/home/Parker/Programming/Robotics/doodlebob_pixi_env_test/src/doodlebob', '_': '/usr/bin/env'}, 'shell': False}
[0.500504] (-) TimerEvent: {}
[0.570349] (doodlebob) StdoutLine: {'line': b'running egg_info\n'}
[0.580375] (doodlebob) StdoutLine: {'line': b'creating build/doodlebob/doodlebob.egg-info\n'}
[0.580622] (doodlebob) StdoutLine: {'line': b'writing build/doodlebob/doodlebob.egg-info/PKG-INFO\n'}
[0.580853] (doodlebob) StdoutLine: {'line': b'writing dependency_links to build/doodlebob/doodlebob.egg-info/dependency_links.txt\n'}
[0.580969] (doodlebob) StdoutLine: {'line': b'writing entry points to build/doodlebob/doodlebob.egg-info/entry_points.txt\n'}
[0.581092] (doodlebob) StdoutLine: {'line': b'writing requirements to build/doodlebob/doodlebob.egg-info/requires.txt\n'}
[0.581187] (doodlebob) StdoutLine: {'line': b'writing top-level names to build/doodlebob/doodlebob.egg-info/top_level.txt\n'}
[0.581276] (doodlebob) StdoutLine: {'line': b"writing manifest file 'build/doodlebob/doodlebob.egg-info/SOURCES.txt'\n"}
[0.600620] (-) TimerEvent: {}
[0.602898] (doodlebob) StdoutLine: {'line': b"reading manifest file 'build/doodlebob/doodlebob.egg-info/SOURCES.txt'\n"}
[0.603552] (doodlebob) StdoutLine: {'line': b"writing manifest file 'build/doodlebob/doodlebob.egg-info/SOURCES.txt'\n"}
[0.603804] (doodlebob) StdoutLine: {'line': b'running build\n'}
[0.603934] (doodlebob) StdoutLine: {'line': b'running build_py\n'}
[0.604018] (doodlebob) StdoutLine: {'line': b'creating /home/Parker/Programming/Robotics/doodlebob_pixi_env_test/src/doodlebob/build/doodlebob/build/lib/doodlebob\n'}
[0.604121] (doodlebob) StdoutLine: {'line': b'copying doodlebob/__init__.py -> /home/Parker/Programming/Robotics/doodlebob_pixi_env_test/src/doodlebob/build/doodlebob/build/lib/doodlebob\n'}
[0.604203] (doodlebob) StdoutLine: {'line': b'copying doodlebob/doodle_test_node.py -> /home/Parker/Programming/Robotics/doodlebob_pixi_env_test/src/doodlebob/build/doodlebob/build/lib/doodlebob\n'}
[0.604306] (doodlebob) StdoutLine: {'line': b'running install\n'}
[0.607316] (doodlebob) StdoutLine: {'line': b'running install_lib\n'}
[0.617611] (doodlebob) StdoutLine: {'line': b'creating /home/Parker/Programming/Robotics/doodlebob_pixi_env_test/src/doodlebob/install/doodlebob/lib/python3.12/site-packages/doodlebob\n'}
[0.617768] (doodlebob) StdoutLine: {'line': b'copying /home/Parker/Programming/Robotics/doodlebob_pixi_env_test/src/doodlebob/build/doodlebob/build/lib/doodlebob/__init__.py -> /home/Parker/Programming/Robotics/doodlebob_pixi_env_test/src/doodlebob/install/doodlebob/lib/python3.12/site-packages/doodlebob\n'}
[0.617856] (doodlebob) StdoutLine: {'line': b'copying /home/Parker/Programming/Robotics/doodlebob_pixi_env_test/src/doodlebob/build/doodlebob/build/lib/doodlebob/doodle_test_node.py -> /home/Parker/Programming/Robotics/doodlebob_pixi_env_test/src/doodlebob/install/doodlebob/lib/python3.12/site-packages/doodlebob\n'}
[0.618063] (doodlebob) StdoutLine: {'line': b'byte-compiling /home/Parker/Programming/Robotics/doodlebob_pixi_env_test/src/doodlebob/install/doodlebob/lib/python3.12/site-packages/doodlebob/__init__.py to __init__.cpython-312.pyc\n'}
[0.618302] (doodlebob) StdoutLine: {'line': b'byte-compiling /home/Parker/Programming/Robotics/doodlebob_pixi_env_test/src/doodlebob/install/doodlebob/lib/python3.12/site-packages/doodlebob/doodle_test_node.py to doodle_test_node.cpython-312.pyc\n'}
[0.619183] (doodlebob) StdoutLine: {'line': b'running install_data\n'}
[0.619324] (doodlebob) StdoutLine: {'line': b'creating /home/Parker/Programming/Robotics/doodlebob_pixi_env_test/src/doodlebob/install/doodlebob/share/ament_index/resource_index/packages\n'}
[0.619423] (doodlebob) StdoutLine: {'line': b'copying resource/doodlebob -> /home/Parker/Programming/Robotics/doodlebob_pixi_env_test/src/doodlebob/install/doodlebob/share/ament_index/resource_index/packages\n'}
[0.619513] (doodlebob) StdoutLine: {'line': b'copying package.xml -> /home/Parker/Programming/Robotics/doodlebob_pixi_env_test/src/doodlebob/install/doodlebob/share/doodlebob\n'}
[0.619614] (doodlebob) StdoutLine: {'line': b'running install_egg_info\n'}
[0.629902] (doodlebob) StdoutLine: {'line': b'Copying build/doodlebob/doodlebob.egg-info to /home/Parker/Programming/Robotics/doodlebob_pixi_env_test/src/doodlebob/install/doodlebob/lib/python3.12/site-packages/doodlebob-0.0.0-py3.12.egg-info\n'}
[0.630369] (doodlebob) StdoutLine: {'line': b'running install_scripts\n'}
[0.652065] (doodlebob) StdoutLine: {'line': b'Installing doodle_test_node script to /home/Parker/Programming/Robotics/doodlebob_pixi_env_test/src/doodlebob/install/doodlebob/lib/doodlebob\n'}
[0.652282] (doodlebob) StdoutLine: {'line': b"writing list of installed files to '/home/Parker/Programming/Robotics/doodlebob_pixi_env_test/src/doodlebob/build/doodlebob/install.log'\n"}
[0.674372] (doodlebob) CommandEnded: {'returncode': 0}
[0.684758] (doodlebob) JobEnded: {'identifier': 'doodlebob', 'rc': 0}
[0.685291] (-) EventReactorShutdown: {}
