[0.093s] [34mcolcon[0m [1;30mDEBUG[0m [32mCommand line arguments: ['/home/Parker/Programming/Robotics/doodlebob_pixi_env_test/.pixi/envs/default/bin/colcon', 'build'][0m
[0.093s] [34mcolcon[0m [1;30mDEBUG[0m [32mParsed command line arguments: Namespace(log_base=None, log_level=None, verb_name='build', build_base='build', install_base='install', merge_install=False, symlink_install=False, test_result_base=None, continue_on_error=False, executor='parallel', parallel_workers=12, event_handlers=None, ignore_user_meta=False, metas=['./colcon.meta'], base_paths=['.'], packages_ignore=None, packages_ignore_regex=None, paths=None, packages_up_to=None, packages_up_to_regex=None, packages_above=None, packages_above_and_dependencies=None, packages_above_depth=None, packages_select_by_dep=None, packages_skip_by_dep=None, packages_skip_up_to=None, packages_select_build_failed=False, packages_skip_build_finished=False, packages_select_test_failures=False, packages_skip_test_passed=False, packages_select=None, packages_skip=None, packages_select_regex=None, packages_skip_regex=None, packages_start=None, packages_end=None, cmake_args=None, cmake_target=None, cmake_target_skip_unavailable=False, cmake_clean_cache=False, cmake_clean_first=False, cmake_force_configure=False, ament_cmake_args=None, catkin_cmake_args=None, catkin_skip_building_tests=False, verb_parser=<colcon_defaults.argument_parser.defaults.DefaultArgumentsDecorator object at 0x7f71f4517410>, verb_extension=<colcon_core.verb.build.BuildVerb object at 0x7f71f45171d0>, main=<bound method BuildVerb.main of <colcon_core.verb.build.BuildVerb object at 0x7f71f45171d0>>)[0m
[0.119s] [34mcolcon.colcon_core.package_discovery[0m [1;30mLevel 1[0m discover_packages(colcon_meta) check parameters
[0.119s] [34mcolcon.colcon_core.package_discovery[0m [1;30mLevel 1[0m discover_packages(recursive) check parameters
[0.119s] [34mcolcon.colcon_core.package_discovery[0m [1;30mLevel 1[0m discover_packages(ignore) check parameters
[0.119s] [34mcolcon.colcon_core.package_discovery[0m [1;30mLevel 1[0m discover_packages(path) check parameters
[0.119s] [34mcolcon.colcon_core.package_discovery[0m [1;30mLevel 1[0m discover_packages(colcon_meta) discover
[0.119s] [34mcolcon.colcon_core.package_discovery[0m [1;30mLevel 1[0m discover_packages(recursive) discover
[0.119s] [34mcolcon.colcon_core.package_discovery[0m [1;30mINFO[0m Crawling recursively for packages in '/home/Parker/Programming/Robotics/doodlebob_pixi_env_test/src/doodlebob'
[0.119s] [34mcolcon.colcon_core.package_identification[0m [1;30mLevel 1[0m _identify(.) by extensions ['ignore', 'ignore_ament_install']
[0.120s] [34mcolcon.colcon_core.package_identification[0m [1;30mLevel 1[0m _identify(.) by extension 'ignore'
[0.120s] [34mcolcon.colcon_core.package_identification[0m [1;30mLevel 1[0m _identify(.) by extension 'ignore_ament_install'
[0.120s] [34mcolcon.colcon_core.package_identification[0m [1;30mLevel 1[0m _identify(.) by extensions ['colcon_pkg']
[0.120s] [34mcolcon.colcon_core.package_identification[0m [1;30mLevel 1[0m _identify(.) by extension 'colcon_pkg'
[0.120s] [34mcolcon.colcon_core.package_identification[0m [1;30mLevel 1[0m _identify(.) by extensions ['colcon_meta']
[0.120s] [34mcolcon.colcon_core.package_identification[0m [1;30mLevel 1[0m _identify(.) by extension 'colcon_meta'
[0.120s] [34mcolcon.colcon_core.package_identification[0m [1;30mLevel 1[0m _identify(.) by extensions ['ros']
[0.120s] [34mcolcon.colcon_core.package_identification[0m [1;30mLevel 1[0m _identify(.) by extension 'ros'
[0.144s] [34mcolcon.colcon_core.package_identification[0m [1;30mDEBUG[0m [32mPackage '.' with type 'ros.ament_python' and name 'doodlebob'[0m
[0.144s] [34mcolcon.colcon_core.package_discovery[0m [1;30mLevel 1[0m discover_packages(recursive) using defaults
[0.144s] [34mcolcon.colcon_core.package_discovery[0m [1;30mLevel 1[0m discover_packages(ignore) discover
[0.144s] [34mcolcon.colcon_core.package_discovery[0m [1;30mLevel 1[0m discover_packages(ignore) using defaults
[0.144s] [34mcolcon.colcon_core.package_discovery[0m [1;30mLevel 1[0m discover_packages(path) discover
[0.144s] [34mcolcon.colcon_core.package_discovery[0m [1;30mLevel 1[0m discover_packages(path) using defaults
[0.154s] [34mcolcon.colcon_core.verb[0m [1;30mLevel 5[0m set package 'doodlebob' build argument 'cmake_args' from command line to 'None'
[0.154s] [34mcolcon.colcon_core.verb[0m [1;30mLevel 5[0m set package 'doodlebob' build argument 'cmake_target' from command line to 'None'
[0.154s] [34mcolcon.colcon_core.verb[0m [1;30mLevel 5[0m set package 'doodlebob' build argument 'cmake_target_skip_unavailable' from command line to 'False'
[0.154s] [34mcolcon.colcon_core.verb[0m [1;30mLevel 5[0m set package 'doodlebob' build argument 'cmake_clean_cache' from command line to 'False'
[0.154s] [34mcolcon.colcon_core.verb[0m [1;30mLevel 5[0m set package 'doodlebob' build argument 'cmake_clean_first' from command line to 'False'
[0.154s] [34mcolcon.colcon_core.verb[0m [1;30mLevel 5[0m set package 'doodlebob' build argument 'cmake_force_configure' from command line to 'False'
[0.154s] [34mcolcon.colcon_core.verb[0m [1;30mLevel 5[0m set package 'doodlebob' build argument 'ament_cmake_args' from command line to 'None'
[0.154s] [34mcolcon.colcon_core.verb[0m [1;30mLevel 5[0m set package 'doodlebob' build argument 'catkin_cmake_args' from command line to 'None'
[0.154s] [34mcolcon.colcon_core.verb[0m [1;30mLevel 5[0m set package 'doodlebob' build argument 'catkin_skip_building_tests' from command line to 'False'
[0.154s] [34mcolcon.colcon_core.verb[0m [1;30mDEBUG[0m [32mBuilding package 'doodlebob' with the following arguments: {'ament_cmake_args': None, 'build_base': '/home/Parker/Programming/Robotics/doodlebob_pixi_env_test/src/doodlebob/build/doodlebob', 'catkin_cmake_args': None, 'catkin_skip_building_tests': False, 'cmake_args': None, 'cmake_clean_cache': False, 'cmake_clean_first': False, 'cmake_force_configure': False, 'cmake_target': None, 'cmake_target_skip_unavailable': False, 'install_base': '/home/Parker/Programming/Robotics/doodlebob_pixi_env_test/src/doodlebob/install/doodlebob', 'merge_install': False, 'path': '/home/Parker/Programming/Robotics/doodlebob_pixi_env_test/src/doodlebob', 'symlink_install': False, 'test_result_base': None}[0m
[0.154s] [34mcolcon.colcon_core.executor[0m [1;30mINFO[0m Executing jobs using 'parallel' executor
[0.155s] [34mcolcon.colcon_parallel_executor.executor.parallel[0m [1;30mDEBUG[0m [32mrun_until_complete[0m
[0.155s] [34mcolcon.colcon_ros.task.ament_python.build[0m [1;30mINFO[0m Building ROS package in '/home/Parker/Programming/Robotics/doodlebob_pixi_env_test/src/doodlebob' with build type 'ament_python'
[0.155s] [34mcolcon.colcon_core.shell[0m [1;30mLevel 1[0m create_environment_hook('doodlebob', 'ament_prefix_path')
[0.156s] [34mcolcon.colcon_core.plugin_system[0m [1;30mINFO[0m Skipping extension 'colcon_core.shell.bat': Not used on non-Windows systems
[0.156s] [34mcolcon.colcon_core.shell[0m [1;30mINFO[0m Creating environment hook '/home/Parker/Programming/Robotics/doodlebob_pixi_env_test/src/doodlebob/install/doodlebob/share/doodlebob/hook/ament_prefix_path.ps1'
[0.157s] [34mcolcon.colcon_core.shell[0m [1;30mINFO[0m Creating environment descriptor '/home/Parker/Programming/Robotics/doodlebob_pixi_env_test/src/doodlebob/install/doodlebob/share/doodlebob/hook/ament_prefix_path.dsv'
[0.157s] [34mcolcon.colcon_core.shell[0m [1;30mINFO[0m Creating environment hook '/home/Parker/Programming/Robotics/doodlebob_pixi_env_test/src/doodlebob/install/doodlebob/share/doodlebob/hook/ament_prefix_path.sh'
[0.157s] [34mcolcon.colcon_core.shell[0m [1;30mINFO[0m Skip shell extension 'powershell' for command environment: Not usable outside of PowerShell
[0.157s] [34mcolcon.colcon_core.shell[0m [1;30mDEBUG[0m [32mSkip shell extension 'dsv' for command environment[0m
[0.307s] [34mcolcon.colcon_core.task.python.build[0m [1;30mINFO[0m Building Python package in '/home/Parker/Programming/Robotics/doodlebob_pixi_env_test/src/doodlebob'
[0.308s] [34mcolcon.colcon_core.shell[0m [1;30mINFO[0m Skip shell extension 'powershell' for command environment: Not usable outside of PowerShell
[0.308s] [34mcolcon.colcon_core.shell[0m [1;30mDEBUG[0m [32mSkip shell extension 'dsv' for command environment[0m
[0.561s] [34mcolcon.colcon_core.event_handler.log_command[0m [1;30mDEBUG[0m [32mInvoking command in '/home/Parker/Programming/Robotics/doodlebob_pixi_env_test/src/doodlebob': CONDA_ENV_SHLVL_2_PIXI_PROMPT=(doodlebob_pixi_env_test) DEBUGINFOD_URLS=https://debuginfod.archlinux.org PIXI_PROMPT=(doodlebob_pixi_env_test) PYTHONPATH=/home/Parker/Programming/Robotics/doodlebob_pixi_env_test/src/doodlebob/build/doodlebob/prefix_override:/home/Parker/Programming/Robotics/doodlebob_pixi_env_test/.pixi/envs/default/lib/python3.12/site-packages/colcon_core/task/python/colcon_distutils_commands:/home/Parker/Programming/Robotics/doodlebob_pixi_env_test/src/doodlebob/install/doodlebob/lib/python3.12/site-packages:${PYTHONPATH} _=/usr/bin/env /home/Parker/Programming/Robotics/doodlebob_pixi_env_test/.pixi/envs/default/bin/python3.12 -W ignore:setup.py install is deprecated -W ignore:easy_install command is deprecated setup.py egg_info --egg-base build/doodlebob build --build-base /home/Parker/Programming/Robotics/doodlebob_pixi_env_test/src/doodlebob/build/doodlebob/build install --record /home/Parker/Programming/Robotics/doodlebob_pixi_env_test/src/doodlebob/build/doodlebob/install.log --single-version-externally-managed install_data[0m
[0.830s] [34mcolcon.colcon_core.event_handler.log_command[0m [1;30mDEBUG[0m [32mInvoked command in '/home/Parker/Programming/Robotics/doodlebob_pixi_env_test/src/doodlebob' returned '0': CONDA_ENV_SHLVL_2_PIXI_PROMPT=(doodlebob_pixi_env_test) DEBUGINFOD_URLS=https://debuginfod.archlinux.org PIXI_PROMPT=(doodlebob_pixi_env_test) PYTHONPATH=/home/Parker/Programming/Robotics/doodlebob_pixi_env_test/src/doodlebob/build/doodlebob/prefix_override:/home/Parker/Programming/Robotics/doodlebob_pixi_env_test/.pixi/envs/default/lib/python3.12/site-packages/colcon_core/task/python/colcon_distutils_commands:/home/Parker/Programming/Robotics/doodlebob_pixi_env_test/src/doodlebob/install/doodlebob/lib/python3.12/site-packages:${PYTHONPATH} _=/usr/bin/env /home/Parker/Programming/Robotics/doodlebob_pixi_env_test/.pixi/envs/default/bin/python3.12 -W ignore:setup.py install is deprecated -W ignore:easy_install command is deprecated setup.py egg_info --egg-base build/doodlebob build --build-base /home/Parker/Programming/Robotics/doodlebob_pixi_env_test/src/doodlebob/build/doodlebob/build install --record /home/Parker/Programming/Robotics/doodlebob_pixi_env_test/src/doodlebob/build/doodlebob/install.log --single-version-externally-managed install_data[0m
[0.831s] [34mcolcon.colcon_core.environment[0m [1;30mLevel 1[0m checking '/home/Parker/Programming/Robotics/doodlebob_pixi_env_test/src/doodlebob/install/doodlebob' for CMake module files
[0.832s] [34mcolcon.colcon_core.environment[0m [1;30mLevel 1[0m checking '/home/Parker/Programming/Robotics/doodlebob_pixi_env_test/src/doodlebob/install/doodlebob' for CMake config files
[0.833s] [34mcolcon.colcon_core.environment[0m [1;30mLevel 1[0m checking '/home/Parker/Programming/Robotics/doodlebob_pixi_env_test/src/doodlebob/install/doodlebob/lib'
[0.833s] [34mcolcon.colcon_core.environment[0m [1;30mLevel 1[0m checking '/home/Parker/Programming/Robotics/doodlebob_pixi_env_test/src/doodlebob/install/doodlebob/bin'
[0.833s] [34mcolcon.colcon_core.environment[0m [1;30mLevel 1[0m checking '/home/Parker/Programming/Robotics/doodlebob_pixi_env_test/src/doodlebob/install/doodlebob/lib/pkgconfig/doodlebob.pc'
[0.833s] [34mcolcon.colcon_core.environment[0m [1;30mLevel 1[0m checking '/home/Parker/Programming/Robotics/doodlebob_pixi_env_test/src/doodlebob/install/doodlebob/lib/python3.12/site-packages'
[0.833s] [34mcolcon.colcon_core.shell[0m [1;30mLevel 1[0m create_environment_hook('doodlebob', 'pythonpath')
[0.833s] [34mcolcon.colcon_core.shell[0m [1;30mINFO[0m Creating environment hook '/home/Parker/Programming/Robotics/doodlebob_pixi_env_test/src/doodlebob/install/doodlebob/share/doodlebob/hook/pythonpath.ps1'
[0.834s] [34mcolcon.colcon_core.shell[0m [1;30mINFO[0m Creating environment descriptor '/home/Parker/Programming/Robotics/doodlebob_pixi_env_test/src/doodlebob/install/doodlebob/share/doodlebob/hook/pythonpath.dsv'
[0.834s] [34mcolcon.colcon_core.shell[0m [1;30mINFO[0m Creating environment hook '/home/Parker/Programming/Robotics/doodlebob_pixi_env_test/src/doodlebob/install/doodlebob/share/doodlebob/hook/pythonpath.sh'
[0.835s] [34mcolcon.colcon_core.environment[0m [1;30mLevel 1[0m checking '/home/Parker/Programming/Robotics/doodlebob_pixi_env_test/src/doodlebob/install/doodlebob/bin'
[0.835s] [34mcolcon.colcon_core.environment[0m [1;30mLevel 1[0m create_environment_scripts_only(doodlebob)
[0.835s] [34mcolcon.colcon_core.shell[0m [1;30mINFO[0m Creating package script '/home/Parker/Programming/Robotics/doodlebob_pixi_env_test/src/doodlebob/install/doodlebob/share/doodlebob/package.ps1'
[0.836s] [34mcolcon.colcon_core.shell[0m [1;30mINFO[0m Creating package descriptor '/home/Parker/Programming/Robotics/doodlebob_pixi_env_test/src/doodlebob/install/doodlebob/share/doodlebob/package.dsv'
[0.837s] [34mcolcon.colcon_core.shell[0m [1;30mINFO[0m Creating package script '/home/Parker/Programming/Robotics/doodlebob_pixi_env_test/src/doodlebob/install/doodlebob/share/doodlebob/package.sh'
[0.838s] [34mcolcon.colcon_core.shell[0m [1;30mINFO[0m Creating package script '/home/Parker/Programming/Robotics/doodlebob_pixi_env_test/src/doodlebob/install/doodlebob/share/doodlebob/package.bash'
[0.839s] [34mcolcon.colcon_core.shell[0m [1;30mINFO[0m Creating package script '/home/Parker/Programming/Robotics/doodlebob_pixi_env_test/src/doodlebob/install/doodlebob/share/doodlebob/package.zsh'
[0.839s] [34mcolcon.colcon_core.environment[0m [1;30mLevel 1[0m create_file_with_runtime_dependencies(/home/Parker/Programming/Robotics/doodlebob_pixi_env_test/src/doodlebob/install/doodlebob/share/colcon-core/packages/doodlebob)
[0.839s] [34mcolcon.colcon_parallel_executor.executor.parallel[0m [1;30mDEBUG[0m [32mclosing loop[0m
[0.840s] [34mcolcon.colcon_parallel_executor.executor.parallel[0m [1;30mDEBUG[0m [32mloop closed[0m
[0.840s] [34mcolcon.colcon_parallel_executor.executor.parallel[0m [1;30mDEBUG[0m [32mrun_until_complete finished with '0'[0m
[0.840s] [34mcolcon.colcon_core.event_reactor[0m [1;30mDEBUG[0m [32mjoining thread[0m
[0.840s] [34mcolcon.colcon_core.event_reactor[0m [1;30mDEBUG[0m [32mjoined thread[0m
[0.840s] [34mcolcon.colcon_core.shell[0m [1;30mINFO[0m Creating prefix script '/home/Parker/Programming/Robotics/doodlebob_pixi_env_test/src/doodlebob/install/local_setup.ps1'
[0.841s] [34mcolcon.colcon_core.shell[0m [1;30mINFO[0m Creating prefix util module '/home/Parker/Programming/Robotics/doodlebob_pixi_env_test/src/doodlebob/install/_local_setup_util_ps1.py'
[0.842s] [34mcolcon.colcon_core.shell[0m [1;30mINFO[0m Creating prefix chain script '/home/Parker/Programming/Robotics/doodlebob_pixi_env_test/src/doodlebob/install/setup.ps1'
[0.843s] [34mcolcon.colcon_core.shell[0m [1;30mINFO[0m Creating prefix script '/home/Parker/Programming/Robotics/doodlebob_pixi_env_test/src/doodlebob/install/local_setup.sh'
[0.843s] [34mcolcon.colcon_core.shell[0m [1;30mINFO[0m Creating prefix util module '/home/Parker/Programming/Robotics/doodlebob_pixi_env_test/src/doodlebob/install/_local_setup_util_sh.py'
[0.844s] [34mcolcon.colcon_core.shell[0m [1;30mINFO[0m Creating prefix chain script '/home/Parker/Programming/Robotics/doodlebob_pixi_env_test/src/doodlebob/install/setup.sh'
[0.845s] [34mcolcon.colcon_core.shell[0m [1;30mINFO[0m Creating prefix script '/home/Parker/Programming/Robotics/doodlebob_pixi_env_test/src/doodlebob/install/local_setup.bash'
[0.845s] [34mcolcon.colcon_core.shell[0m [1;30mINFO[0m Creating prefix chain script '/home/Parker/Programming/Robotics/doodlebob_pixi_env_test/src/doodlebob/install/setup.bash'
[0.846s] [34mcolcon.colcon_core.shell[0m [1;30mINFO[0m Creating prefix script '/home/Parker/Programming/Robotics/doodlebob_pixi_env_test/src/doodlebob/install/local_setup.zsh'
[0.846s] [34mcolcon.colcon_core.shell[0m [1;30mINFO[0m Creating prefix chain script '/home/Parker/Programming/Robotics/doodlebob_pixi_env_test/src/doodlebob/install/setup.zsh'
